2021-09-09 02:25:54 - hola picopato
2021-09-09 02:26:09 - probando bot
2021-09-09 02:26:13 - prefecto
2021-09-09 02:27:57 - -562492710
2021-09-09 02:28:11 - -562492710
2021-09-09 02:29:03 - 721854889
Array
["cretino","imprudente"]
["que","epico"]
["jajajaja","cebado"]
[]
["jajajajaja"]
["jajajaja"]
["jajajaja"]
["jajajaja"]
["jajajajaja"]
["jajajajaja"]
["hola"]
2021-09-09 02:52:19 - El chat -562492710 no puede escribir.
["jajajajaja"]
["ahora","si"]
["si"]
2021-09-09 02:54:15 - El chat -562492710 no puede escribir.
["jajajajajaja"]
[""]
[""]
[""]
[""]
["hola"]
["aqui","no","me","hace","casoo"]
["si"]
2021-09-09 02:59:26 - El chat -515516274 no puede escribir.
["si","me","hace","caso"]
2021-09-09 02:59:30 - El chat -515516274 no puede escribir.
["ahora"]
2021-09-09 02:59:58 - El chat -515516274 no puede escribir.
["dsadas"]
2021-09-09 03:01:22 - El chat -515516274 no puede escribir.
2021-09-09 03:01:22 - Solo pueden escribir los [562492710,515516274].
["ahora"]
["jajajajaja"]
["hola"]
2021-09-09 03:08:51 - El chat -515516274 no puede escribir.
2021-09-09 03:08:51 - Solo pueden escribir los [562492710,515516274].
["jajajajaja"]
["jajajajajajajaja"]
aqui entra
["ahora","si","jajaja"]
aqui entra
["jajajajaja"]
["ahora","si","jajajaja"]
["jajajaja"]
["jajajajajaja"]
["vale"]
["jajajajajaja"]
["jajajajaja"]
[""]
["Hijad"]
["Queda","alguien","sin","alojamiento?"]
["Me","piden","confirmar","que","no","haya","nada","sin","alojamiento"]
["nadie*"]
["\u00bfY","esto","qu\u00e9","es?","\ud83d\ude32"]
["El","bot","que","estaban","probandolo"]
["\u00c1ngel,","Fran,","Javier","Garc\u00eda","y","yo","tenemos","alojamiento"]
["Gracias","Pablo"]
["yo","tambi\u00e9n"]
["Los","dem\u00e1s,","falta","alguien?","Que","hable","ahora"]
["o","calle","para","siempre"]
["Exacto,","porque","tengo","que","ponerme","ahora","la","segunda","vacuna"]
["Al","final","que","ten\u00edamos","que","tener","instalado","para","esta","tarde?"]
["Creo","que","nos","lo","dice","luego,","vamos","a","ir","paso","por","paso"]
["De","nada","tio",":)"]
["cre\u00eda","que","hab\u00eda","que","tener","la","virtual","box","ya","o","algo"]
[""]
["Por","si","acaso","tenla"]
["XD"]
["Entonces","me","instalo","la","virtual","box","con","un","Ubuntu?"]
["O","no","hace","falta"]
["Mejor","si"]
["Vale"]
["Por","si","acaso","o","si","quieres","tener","en","tu","equipo"]
["Paso","el","link"]
["https:\/\/www.virtualbox.org\/wiki\/Linux_Downloads"]
["Pero","\u00bfpara","qu\u00e9","sirve?","Es","que","yo","en","esto","de","Telegram","no","estoy","nada","puesto..."]
["Gracias","Teresa"]
["Esto","es","para","la","gente","que","tiene","linux","de","so","principal","no?"]
["ese","en","concreto","no","s\u00e9,","hay","de","muchos","tipos,","tienen","distintas","funcionalidades,","te","pueden","decir","libros,","pelis,","sacarte","una","imagen","aleatoria","con","Nicolas","Cage","(humor)","chorradas","varias,","pero","tambi\u00e9n","cosas","\u00fatiles","@rbitrian"]
["Ah!","Ok,","muchas","gracias","\ud83d\ude09"]
[""]
["Cierto,","ya","est\u00e1","cambiada,","gracias","por","avisar"]
["https:\/\/www.virtualbox.org\/wiki\/Downloads"]
["Nada,","\u263a\ufe0f"]
["La","iso","de","Ubuntu","la","daba","el","profe","o","la","metemos","tb","ya?"]
["pq","yo","tengo","alguna","de","clase","que","puedo","compartir"]
["Yo","me","la","he","descargado","y","lo","estoy","instalando"]
["Pero","creo","que","nos","daban","m\u00e1quinas","virtuales","nuevas","me","parece"]
["Yo","en","mi","m\u00e1quina","virtual","de","hace","ya","tengo","la","20.04","LTS"]
["Si","darnos","activan","las","del","pue,","pero","podr\u00eda","o","para","tenerlo","en","nuestro","equipo"]
["Acabo","de","poner","a","subir","una","iso","de","ubuntu20.04","en","el","drive","de","aqu\u00ed"]
["https:\/\/drive.google.com\/file\/d\/1oi2aYMtr5eShNyUtyW-vBAENKizcgDlH\/view?usp=sharing"]
["Compartid","si","quer\u00e9is","el","c\u00f3digo","del","bot","y","lo","vamos","avanzando","todos.","S\u00fabelo","a","GitHub","y","vamos","a\u00f1adiendo","todos","cosas"]
["Si","quer\u00e9is","vamos"]
["Oye","pues","si"]
["Yo","no","tengo","ni","zorra","como","funciona,","pero","estar\u00eda","guap\u00edsimo","s\u00ed"]
["Pues","aprendemos","entre","todos"]
["Me","parece","bien"]
["En","mi","asociaci\u00f3n","dimos","una","charla","de","como","hacer","un","bot","de","telegram,","la","era","pre","covid...","\ud83d\ude3f"]
["Os","paso","un","FTP"]
["Estaba","mirando","ahora","como","hacerlo","para","que","llame","cada","minuto"]
["Y","en","el","caso","de","que","cumpla","X","requisito,","env\u00ede","datos"]
["Pero","ya","se","me","cerraban","los","ojos"]
["https:\/\/twitter.com\/UNIA_UAL\/status\/1128353467364519936?s=19"]
["Un","poco","de","SPAM","de","la","Asociaci\u00f3n,","disculpadme","\ud83d\ude05"]
["Estuve","pensando","en","hacerlo","con","Python,","pero","de","este","modo","os","pod\u00eda","pasar","el","cogido","y","le","generabais","funcionalidad","vosotros"]
["Jajajajajaja"]
["XD"]
["Que","grande","el","bot","ajajaja"]
["Le","estas","haciendo","documentaci\u00f3n?"]
["Jajaja"]
["No","se","como.","Funciona","lol","xd"]
["What","is","\"documentaci\u00f3n\"?"]
["No","hablo","ispaniol"]
["Cuando","pones","jajajaja"]
["Lo","decian","en","videotutorial,","no","sera","importante"]
["Te","salta","una","de","las","3","frases","que","le","puse","en","el","array"]
["Un","minimo","de","4","ja,","entiendo,","jajajaja"]
["3","creo","que","puse"]
["Pero","como","tiene","e","iba","a","regex"]
["Pues","funsiona"]
